<?xml version="1.0" encoding="UTF-8"?>
<testsuite name="api.FilterTest" tests="1" skipped="0" failures="0" errors="0" timestamp="2025-03-08T22:53:22" hostname="DESKTOP-TBFL3TD" time="5.358">
  <properties/>
  <testcase name="companyLoginApiTest()" classname="api.FilterTest" time="5.358"/>
  <system-out><![CDATA[{
    "token": "eyJhbGciOiJIUzI1NiIsInR5cCI6IkpXVCJ9.eyJpZCI6MTQsImlhdCI6MTc0MTQ3NDQwNSwiZXhwIjoxNzQ0MDY2NDA1fQ.B8FgsPrgXi05Uz0YCY6nxhaUTTxKQTMHytu-rzez3rE",
    "profile_name": "Service Leadgamp",
    "uuid": "8476746a-feab-470a-8f78-9e2632c66691",
    "account_type": "company",
    "provider": "local"
}
{
    "data": [
        {
            "email": null,
            "phone_number": null,
            "location": {
                "zip": 12345,
                "city": "Schenectady",
                "state": {
                    "name": "New York",
                    "code": "NY"
                }
            },
            "salary": {
                "week": 1111,
                "day": null,
                "year": null,
                "cpm": null
            },
            "trailer_type": [
                "Auto Hauler"
            ],
            "home_times": [
                "Weekly"
            ],
            "id": 310,
            "uuid": "2c42f188-3327-4c4e-9a39-085ec9241691",
            "first_name": "Maksim",
            "last_name": "O.",
            "last_verification": "2025-02-03T03:54:19.018Z",
            "experience": 36,
            "need_cdl_training": false,
            "in_cdl_school_now": false,
            "cdl_grad_no_experience_yet": false,
            "job_status": "Actively looking",
            "favorite": false,
            "driver_status": "New",
            "is_decision_maker": false,
            "decline_reason": null,
            "note": null,
            "sortable_name": "MAKSIMO",
            "is_service": true
        },
        {
            "email": null,
            "phone_number": null,
            "location": {
                "zip": 12345,
                "city": "Schenectady",
                "state": {
                    "name": "New York",
                    "code": "NY"
                }
            },
            "salary": {
                "week": 7000,
                "day": null,
                "year": null,
                "cpm": null
            },
            "trailer_type": [
                "Refrigerated (Reefer)"
            ],
            "home_times": [
                "Bi-weekly"
            ],
            "id": 6,
            "uuid": "19c09cb2-22c0-42fd-a75c-e64b3e1dbfdc",
            "first_name": "Anna",
            "last_name": "T.",
            "last_verification": "2024-11-28T06:49:44.835Z",
            "experience": 36,
            "need_cdl_training": false,
            "in_cdl_school_now": false,
            "cdl_grad_no_experience_yet": false,
            "job_status": "Actively looking",
            "favorite": false,
            "driver_status": "New",
            "is_decision_maker": false,
            "decline_reason": null,
            "note": null,
            "sortable_name": "ANNAT",
            "is_service": true
        },
        {
            "email": "h87739738@gmail.com",
            "phone_number": "12066561252",
            "location": {
                "zip": 12345,
                "city": "Schenectady",
                "state": {
                    "name": "New York",
                    "code": "NY"
                }
            },
            "salary": {
                "week": 3000,
                "day": null,
                "year": null,
                "cpm": null
            },
            "trailer_type": [
                "Auto Hauler"
            ],
            "home_times": [
                "Flexible"
            ],
            "id": 5,
            "uuid": "153d3404-62da-45f0-96ad-129cd0235b13",
            "first_name": "Helen",
            "last_name": "S.",
            "last_verification": "2024-12-17T12:34:11.836Z",
            "experience": 1,
            "need_cdl_training": false,
            "in_cdl_school_now": false,
            "cdl_grad_no_experience_yet": false,
            "job_status": "Actively looking",
            "favorite": false,
            "driver_status": "Purchased",
            "is_decision_maker": true,
            "decline_reason": null,
            "note": null,
            "sortable_name": "HELENS",
            "is_service": true
        },
        {
            "email": null,
            "phone_number": null,
            "location": {
                "zip": 12345,
                "city": "Schenectady",
                "state": {
                    "name": "New York",
                    "code": "NY"
                }
            },
            "salary": {
                "week": 1000,
                "day": null,
                "year": null,
                "cpm": null
            },
            "trailer_type": [
                "Tanker"
            ],
            "home_times": [
                "Weekly"
            ],
            "id": 8,
            "uuid": "f7a351cc-f280-40c8-9b23-0bb296fb026b",
            "first_name": "Anna",
            "last_name": "G.",
            "last_verification": "2024-12-17T17:26:37.138Z",
            "experience": 1,
            "need_cdl_training": false,
            "in_cdl_school_now": false,
            "cdl_grad_no_experience_yet": false,
            "job_status": "Actively looking",
            "favorite": true,
            "driver_status": "Match Declined",
            "is_decision_maker": true,
            "decline_reason": "Already got a job",
            "note": null,
            "sortable_name": "ANNAG",
            "is_service": true
        },
        {
            "email": null,
            "phone_number": null,
            "location": {
                "zip": 12345,
                "city": "Schenectady",
                "state": {
                    "name": "New York",
                    "code": "NY"
                }
            },
            "salary": {
                "week": 1000,
                "day": null,
                "year": null,
                "cpm": null
            },
            "trailer_type": [
                "Tanker"
            ],
            "home_times": [
                "Weekly"
            ],
            "id": 8,
            "uuid": "f7a351cc-f280-40c8-9b23-0bb296fb026b",
            "first_name": "Anna",
            "last_name": "G.",
            "last_verification": "2024-12-17T17:26:37.138Z",
            "experience": 1,
            "need_cdl_training": false,
            "in_cdl_school_now": false,
            "cdl_grad_no_experience_yet": false,
            "job_status": "Actively looking",
            "favorite": true,
            "driver_status": "Match Declined",
            "is_decision_maker": true,
            "decline_reason": "Heard bad reviews",
            "note": null,
            "sortable_name": "ANNAG",
            "is_service": true
        }
    ],
    "count": {
        "All": 4,
        "Match Declined": 1,
        "Purchased": 1,
        "New": 2
    }
}
]]></system-out>
  <system-err><![CDATA[]]></system-err>
</testsuite>
